Using pre-set license
Built from '2020.2/release' branch; Version is '2020.2.0f1 (3721df5a8b28) revision 3613151'; Using compiler version '192528614'; Build Type 'Release'
OS: 'Windows 10  (10.0.0) 64bit' Language: 'en' Physical Memory: 16338 MB
BatchMode: 1, IsHumanControllingUs: 0, StartBugReporterOnCrash: 0, Is64bit: 1, IsPro: 0

 COMMAND LINE ARGUMENTS:
D:\1Julian\Unity\2020.2.0f1\Editor\Unity.exe
-adb2
-batchMode
-noUpm
-name
AssetImportWorker0
-projectPath
D:/1Julian/dev/AdvTopicsInProg/FinalLab_FlappyBird/Flappy_Bird
-logFile
Logs/AssetImportWorker0.log
-srvPort
59108
Successfully changed project path to: D:/1Julian/dev/AdvTopicsInProg/FinalLab_FlappyBird/Flappy_Bird
D:/1Julian/dev/AdvTopicsInProg/FinalLab_FlappyBird/Flappy_Bird
Using Asset Import Pipeline V2.
Refreshing native plugins compatible for Editor in 47.97 ms, found 1 plugins.
Preloading 0 native plugins for Editor in 0.00 ms.
Initialize engine version: 2020.2.0f1 (3721df5a8b28)
[Subsystems] Discovering subsystems at path D:/1Julian/Unity/2020.2.0f1/Editor/Data/Resources/UnitySubsystems
[Subsystems] Discovering subsystems at path D:/1Julian/dev/AdvTopicsInProg/FinalLab_FlappyBird/Flappy_Bird/Assets
GfxDevice: creating device client; threaded=0
Direct3D:
    Version:  Direct3D 11.0 [level 11.1]
    Renderer: Radeon RX 570 Series (ID=0x67df)
    Vendor:   
    VRAM:     4075 MB
    Driver:   27.20.14533.1000
Initialize mono
Mono path[0] = 'D:/1Julian/Unity/2020.2.0f1/Editor/Data/Managed'
Mono path[1] = 'D:/1Julian/Unity/2020.2.0f1/Editor/Data/MonoBleedingEdge/lib/mono/unityjit'
Mono config path = 'D:/1Julian/Unity/2020.2.0f1/Editor/Data/MonoBleedingEdge/etc'
Using monoOptions --debugger-agent=transport=dt_socket,embedding=1,server=y,suspend=n,address=127.0.0.1:56900
Begin MonoManager ReloadAssembly
Registering precompiled unity dll's ...
Register platform support module: D:/1Julian/Unity/2020.2.0f1/Editor/Data/PlaybackEngines/WindowsStandaloneSupport/UnityEditor.WindowsStandalone.Extensions.dll
Registered in 0.002707 seconds.
Native extension for WindowsStandalone target not found
Refreshing native plugins compatible for Editor in 51.57 ms, found 1 plugins.
Preloading 0 native plugins for Editor in 0.00 ms.
Invoked RoslynAnalysisRunner static constructor.
RoslynAnalysisRunner will not be running.
RoslynAnalysisRunner has terminated.
Mono: successfully reloaded assembly
- Completed reload, in  2.485 seconds
Platform modules already initialized, skipping
Registering precompiled user dll's ...
Registered in 0.002079 seconds.
Begin MonoManager ReloadAssembly
Native extension for WindowsStandalone target not found
Refreshing native plugins compatible for Editor in 46.38 ms, found 1 plugins.
Preloading 0 native plugins for Editor in 0.00 ms.
Invoked RoslynAnalysisRunner static constructor.
RoslynAnalysisRunner will not be running.
RoslynAnalysisRunner has terminated.
Mono: successfully reloaded assembly
- Completed reload, in  1.407 seconds
Platform modules already initialized, skipping
========================================================================
Worker process is ready to serve import requests
Launched and connected shader compiler UnityShaderCompiler.exe after 0.06 seconds
Refreshing native plugins compatible for Editor in 0.41 ms, found 1 plugins.
Preloading 0 native plugins for Editor in 0.00 ms.
Unloading 1787 Unused Serialized files (Serialized files now loaded: 0)
System memory in use before: 83.5 MB.
System memory in use after: 83.4 MB.

Unloading 24 unused Assets to reduce memory usage. Loaded Objects now: 2226.
Total: 2.288100 ms (FindLiveObjects: 0.232000 ms CreateObjectMapping: 0.075700 ms MarkObjects: 1.859200 ms  DeleteObjects: 0.119900 ms)

========================================================================
Received Import Request.
  path: Assets/Flappy Bird Style/Animations/Bird.controller
  artifactKey: Guid(961d42731f2f7499ea02a780cfbf7bce) Importer(815301076,1909f56bfc062723c751e8b465ee728b)
Start importing Assets/Flappy Bird Style/Animations/Bird.controller using Guid(961d42731f2f7499ea02a780cfbf7bce) Importer(815301076,1909f56bfc062723c751e8b465ee728b)  -> (artifact id: '341e08a5f70de91bd3731cc828721668') in 0.078897 seconds
  Import took 0.099379 seconds .

========================================================================
Received Import Request.
  Time since last request: 0.000321 seconds.
  path: Assets/Flappy Bird Style
  artifactKey: Guid(4f3a5673e57ba5f4ab916c3783766d3c) Importer(815301076,1909f56bfc062723c751e8b465ee728b)
Start importing Assets/Flappy Bird Style using Guid(4f3a5673e57ba5f4ab916c3783766d3c) Importer(815301076,1909f56bfc062723c751e8b465ee728b)  -> (artifact id: 'e0abecf506765af613060ec7f0fe56ed') in 0.005587 seconds
  Import took 0.010341 seconds .

========================================================================
Received Import Request.
  Time since last request: 0.000296 seconds.
  path: Assets/Flappy Bird Style/Animations
  artifactKey: Guid(6da975df314f4854b815ec0569a225c4) Importer(815301076,1909f56bfc062723c751e8b465ee728b)
Start importing Assets/Flappy Bird Style/Animations using Guid(6da975df314f4854b815ec0569a225c4) Importer(815301076,1909f56bfc062723c751e8b465ee728b)  -> (artifact id: '30f6e2dcc337dc6ca42a2f4740e4c25a') in 0.005491 seconds
  Import took 0.018012 seconds .

========================================================================
Received Import Request.
  Time since last request: 16.167019 seconds.
  path: Assets/Flappy Bird Style/Sprites/BirdHero.png
  artifactKey: Guid(b9679ce5047dd48bbbf37321679fa793) Importer(815301076,1909f56bfc062723c751e8b465ee728b)
Start importing Assets/Flappy Bird Style/Sprites/BirdHero.png using Guid(b9679ce5047dd48bbbf37321679fa793) Importer(815301076,1909f56bfc062723c751e8b465ee728b)  -> (artifact id: 'c1a2cb07b37919e095062ba6e00c60d0') in 0.166069 seconds
  Import took 0.267125 seconds .

========================================================================
Received Import Request.
  Time since last request: 0.000313 seconds.
  path: Assets/Flappy Bird Style/Sprites/GrassThinSprite.png
  artifactKey: Guid(8eeaba973de60134fb7f7fb68863fe5b) Importer(815301076,1909f56bfc062723c751e8b465ee728b)
Start importing Assets/Flappy Bird Style/Sprites/GrassThinSprite.png using Guid(8eeaba973de60134fb7f7fb68863fe5b) Importer(815301076,1909f56bfc062723c751e8b465ee728b)  -> (artifact id: '907500fbb78d26934654d4a0b3d23a52') in 0.016989 seconds
  Import took 0.020644 seconds .

========================================================================
Received Import Request.
  Time since last request: 0.000287 seconds.
  path: Assets/Flappy Bird Style/Sprites/SkyTileSprite.png
  artifactKey: Guid(5ad00495542ee412cbfd6988b3c7973a) Importer(815301076,1909f56bfc062723c751e8b465ee728b)
Start importing Assets/Flappy Bird Style/Sprites/SkyTileSprite.png using Guid(5ad00495542ee412cbfd6988b3c7973a) Importer(815301076,1909f56bfc062723c751e8b465ee728b)  -> (artifact id: 'c5fd12b0a2f2299aacd16ec378494525') in 0.020412 seconds
  Import took 0.197352 seconds .

========================================================================
Received Import Request.
  Time since last request: 0.000328 seconds.
  path: Assets/Flappy Bird Style/Sprites/ColumnSprite.png
  artifactKey: Guid(2ad05d7e45bf94f049c630bff83ddf42) Importer(815301076,1909f56bfc062723c751e8b465ee728b)
Start importing Assets/Flappy Bird Style/Sprites/ColumnSprite.png using Guid(2ad05d7e45bf94f049c630bff83ddf42) Importer(815301076,1909f56bfc062723c751e8b465ee728b)  -> (artifact id: 'd5be7baec28c54d72371811bbe4111b5') in 0.017949 seconds
  Import took 0.050223 seconds .

========================================================================
Received Import Request.
  Time since last request: 52.943997 seconds.
  path: Assets/Flappy Bird Style/Fonts/LuckiestGuy.ttf
  artifactKey: Guid(7c8f2c1b40ef5804b90042c80473b066) Importer(815301076,1909f56bfc062723c751e8b465ee728b)
Start importing Assets/Flappy Bird Style/Fonts/LuckiestGuy.ttf using Guid(7c8f2c1b40ef5804b90042c80473b066) Importer(815301076,1909f56bfc062723c751e8b465ee728b)  -> (artifact id: 'ca8535570f998a5994bb3db7d5130629') in 0.539547 seconds
  Import took 0.601410 seconds .

========================================================================
Received Import Request.
  Time since last request: 154.080010 seconds.
  path: Assets/Flappy Bird Style/Animations/Bird.controller
  artifactKey: Guid(961d42731f2f7499ea02a780cfbf7bce) Importer(815301076,1909f56bfc062723c751e8b465ee728b)
Start importing Assets/Flappy Bird Style/Animations/Bird.controller using Guid(961d42731f2f7499ea02a780cfbf7bce) Importer(815301076,1909f56bfc062723c751e8b465ee728b)  -> (artifact id: '624d3d913ce25a6c242cf04933fd26e2') in 0.007506 seconds
  Import took 0.028296 seconds .

========================================================================
Received Import Request.
  Time since last request: 46.482502 seconds.
  path: Assets
  artifactKey: Guid(00000000000000001000000000000000) Importer(815301076,1909f56bfc062723c751e8b465ee728b)
Start importing Assets using Guid(00000000000000001000000000000000) Importer(815301076,1909f56bfc062723c751e8b465ee728b)  -> (artifact id: 'b41cfa13f056e58f64cf5f3363de7353') in 0.006143 seconds
  Import took 0.010310 seconds .

========================================================================
Received Prepare
Registering precompiled user dll's ...
Registered in 0.002567 seconds.
Begin MonoManager ReloadAssembly
Native extension for WindowsStandalone target not found
Refreshing native plugins compatible for Editor in 0.43 ms, found 1 plugins.
Preloading 0 native plugins for Editor in 0.00 ms.
Invoked RoslynAnalysisRunner static constructor.
RoslynAnalysisRunner will not be running.
RoslynAnalysisRunner has terminated.
Mono: successfully reloaded assembly
- Completed reload, in  1.236 seconds
Platform modules already initialized, skipping
Refreshing native plugins compatible for Editor in 0.43 ms, found 1 plugins.
Preloading 0 native plugins for Editor in 0.00 ms.
Unloading 1782 Unused Serialized files (Serialized files now loaded: 0)
System memory in use before: 87.0 MB.
System memory in use after: 87.0 MB.

Unloading 12 unused Assets to reduce memory usage. Loaded Objects now: 2282.
Total: 2.315500 ms (FindLiveObjects: 0.201500 ms CreateObjectMapping: 0.065000 ms MarkObjects: 1.934600 ms  DeleteObjects: 0.112800 ms)

========================================================================
Received Import Request.
  Time since last request: 8.976613 seconds.
  path: Assets/Prefabs
  artifactKey: Guid(970d9d61821bb744db1dfe246eeadc01) Importer(815301076,1909f56bfc062723c751e8b465ee728b)
Start importing Assets/Prefabs using Guid(970d9d61821bb744db1dfe246eeadc01) Importer(815301076,1909f56bfc062723c751e8b465ee728b)  -> (artifact id: '45a04eed2caeebd9c10d70feae3ff085') in 0.008169 seconds
  Import took 0.011937 seconds .

========================================================================
Received Import Request.
  Time since last request: 6.358107 seconds.
  path: Assets/Script
  artifactKey: Guid(0b11c6382bb278241a4ad0876c0d0de7) Importer(815301076,1909f56bfc062723c751e8b465ee728b)
Start importing Assets/Script using Guid(0b11c6382bb278241a4ad0876c0d0de7) Importer(815301076,1909f56bfc062723c751e8b465ee728b)  -> (artifact id: '5fd96079f0c1ed555366e5889b9264a6') in 0.005415 seconds
  Import took 0.009446 seconds .

========================================================================
Received Import Request.
  Time since last request: 26.101914 seconds.
  path: Assets/Scripts
  artifactKey: Guid(0b11c6382bb278241a4ad0876c0d0de7) Importer(815301076,1909f56bfc062723c751e8b465ee728b)
Start importing Assets/Scripts using Guid(0b11c6382bb278241a4ad0876c0d0de7) Importer(815301076,1909f56bfc062723c751e8b465ee728b)  -> (artifact id: '73666f5483251a7b83d0694db44a4784') in 0.009285 seconds
  Import took 0.014482 seconds .

========================================================================
Received Import Request.
  Time since last request: 3.734230 seconds.
  path: Assets/Scenes
  artifactKey: Guid(660e17866641a5b45a5998068c52f4be) Importer(815301076,1909f56bfc062723c751e8b465ee728b)
Start importing Assets/Scenes using Guid(660e17866641a5b45a5998068c52f4be) Importer(815301076,1909f56bfc062723c751e8b465ee728b)  -> (artifact id: '5e7fdd6cff6010ab5ec8a2c733d405c9') in 0.007170 seconds
  Import took 0.010987 seconds .

========================================================================
Received Prepare
Registering precompiled user dll's ...
Registered in 0.002646 seconds.
Begin MonoManager ReloadAssembly
Native extension for WindowsStandalone target not found
Refreshing native plugins compatible for Editor in 0.45 ms, found 1 plugins.
Preloading 0 native plugins for Editor in 0.00 ms.
Invoked RoslynAnalysisRunner static constructor.
RoslynAnalysisRunner will not be running.
RoslynAnalysisRunner has terminated.
Mono: successfully reloaded assembly
- Completed reload, in  1.506 seconds
Platform modules already initialized, skipping
Refreshing native plugins compatible for Editor in 0.63 ms, found 1 plugins.
Preloading 0 native plugins for Editor in 0.00 ms.
Unloading 1786 Unused Serialized files (Serialized files now loaded: 0)
System memory in use before: 87.2 MB.
System memory in use after: 87.2 MB.

Unloading 12 unused Assets to reduce memory usage. Loaded Objects now: 2285.
Total: 2.538000 ms (FindLiveObjects: 0.224100 ms CreateObjectMapping: 0.082600 ms MarkObjects: 2.045400 ms  DeleteObjects: 0.182900 ms)

========================================================================
Received Prepare
Refreshing native plugins compatible for Editor in 3.27 ms, found 1 plugins.
Preloading 0 native plugins for Editor in 0.00 ms.
Unloading 13 Unused Serialized files (Serialized files now loaded: 0)
System memory in use before: 52.2 MB.
System memory in use after: 52.2 MB.

Unloading 10 unused Assets to reduce memory usage. Loaded Objects now: 2285.
Total: 2.133200 ms (FindLiveObjects: 0.195000 ms CreateObjectMapping: 0.064500 ms MarkObjects: 1.758800 ms  DeleteObjects: 0.113300 ms)

========================================================================
Received Import Request.
  Time since last request: 109.878833 seconds.
  path: Assets/Flappy Bird Style/Sprites/BirdHero.png
  artifactKey: Guid(b9679ce5047dd48bbbf37321679fa793) Importer(815301076,1909f56bfc062723c751e8b465ee728b)
Start importing Assets/Flappy Bird Style/Sprites/BirdHero.png using Guid(b9679ce5047dd48bbbf37321679fa793) Importer(815301076,1909f56bfc062723c751e8b465ee728b)  -> (artifact id: 'e8426a8d6434b8de50c6c4b297a5cac2') in 0.084735 seconds
  Import took 0.088894 seconds .

========================================================================
Received Import Request.
  Time since last request: 0.000383 seconds.
  path: Assets/Flappy Bird Style/Sprites/GrassThinSprite.png
  artifactKey: Guid(8eeaba973de60134fb7f7fb68863fe5b) Importer(815301076,1909f56bfc062723c751e8b465ee728b)
Start importing Assets/Flappy Bird Style/Sprites/GrassThinSprite.png using Guid(8eeaba973de60134fb7f7fb68863fe5b) Importer(815301076,1909f56bfc062723c751e8b465ee728b)  -> (artifact id: '28df57a7b8724e7e38e911e767fef0f2') in 0.024882 seconds
  Import took 0.028642 seconds .

========================================================================
Received Import Request.
  Time since last request: 0.000316 seconds.
  path: Assets/Flappy Bird Style/Sprites/SkyTileSprite.png
  artifactKey: Guid(5ad00495542ee412cbfd6988b3c7973a) Importer(815301076,1909f56bfc062723c751e8b465ee728b)
Start importing Assets/Flappy Bird Style/Sprites/SkyTileSprite.png using Guid(5ad00495542ee412cbfd6988b3c7973a) Importer(815301076,1909f56bfc062723c751e8b465ee728b)  -> (artifact id: '11154d98a9d728942e3fca8d5c6fac47') in 0.044677 seconds
  Import took 0.048801 seconds .

========================================================================
Received Import Request.
  Time since last request: 0.000365 seconds.
  path: Assets/Flappy Bird Style/Sprites/ColumnSprite.png
  artifactKey: Guid(2ad05d7e45bf94f049c630bff83ddf42) Importer(815301076,1909f56bfc062723c751e8b465ee728b)
Start importing Assets/Flappy Bird Style/Sprites/ColumnSprite.png using Guid(2ad05d7e45bf94f049c630bff83ddf42) Importer(815301076,1909f56bfc062723c751e8b465ee728b)  -> (artifact id: '7f26fb48b4790d418aa3118f1ad46413') in 0.017996 seconds
  Import took 0.022702 seconds .

========================================================================
Received Import Request.
  Time since last request: 107.949334 seconds.
  path: Assets/Scripts/Bird.cs
  artifactKey: Guid(ada353b10ade44d4685947df0c159d82) Importer(815301076,1909f56bfc062723c751e8b465ee728b)
Start importing Assets/Scripts/Bird.cs using Guid(ada353b10ade44d4685947df0c159d82) Importer(815301076,1909f56bfc062723c751e8b465ee728b)  -> (artifact id: '2b4d3200dda93afbf71fb9ae3c1dd503') in 0.015464 seconds
  Import took 0.021716 seconds .

========================================================================
Received Prepare
Registering precompiled user dll's ...
Registered in 0.002094 seconds.
Begin MonoManager ReloadAssembly
Native extension for WindowsStandalone target not found
Refreshing native plugins compatible for Editor in 0.43 ms, found 1 plugins.
Preloading 0 native plugins for Editor in 0.00 ms.
Invoked RoslynAnalysisRunner static constructor.
RoslynAnalysisRunner will not be running.
RoslynAnalysisRunner has terminated.
Mono: successfully reloaded assembly
- Completed reload, in  1.414 seconds
Platform modules already initialized, skipping
Refreshing native plugins compatible for Editor in 0.42 ms, found 1 plugins.
Preloading 0 native plugins for Editor in 0.00 ms.
Unloading 1786 Unused Serialized files (Serialized files now loaded: 0)
System memory in use before: 87.4 MB.
System memory in use after: 87.4 MB.

Unloading 12 unused Assets to reduce memory usage. Loaded Objects now: 2290.
Total: 2.685500 ms (FindLiveObjects: 0.438900 ms CreateObjectMapping: 0.147200 ms MarkObjects: 1.968200 ms  DeleteObjects: 0.129500 ms)

========================================================================
Received Import Request.
  Time since last request: 48.916002 seconds.
  path: Assets/Flappy Bird Style/Fonts/LuckiestGuy.ttf
  artifactKey: Guid(7c8f2c1b40ef5804b90042c80473b066) Importer(815301076,1909f56bfc062723c751e8b465ee728b)
Start importing Assets/Flappy Bird Style/Fonts/LuckiestGuy.ttf using Guid(7c8f2c1b40ef5804b90042c80473b066) Importer(815301076,1909f56bfc062723c751e8b465ee728b)  -> (artifact id: '83cdb67e32dc0efaf3b41d429b72c8fa') in 0.086393 seconds
  Import took 0.090560 seconds .

========================================================================
Received Import Request.
  Time since last request: 137.177407 seconds.
  path: Assets/Scripts/Ground.cs
  artifactKey: Guid(102c75ed8ab495b4bbe0776268056f94) Importer(815301076,1909f56bfc062723c751e8b465ee728b)
Start importing Assets/Scripts/Ground.cs using Guid(102c75ed8ab495b4bbe0776268056f94) Importer(815301076,1909f56bfc062723c751e8b465ee728b)  -> (artifact id: 'bb2601fd434d182bf2b136072c58d682') in 0.009411 seconds
  Import took 0.015290 seconds .

========================================================================
Received Prepare
Registering precompiled user dll's ...
Registered in 0.002805 seconds.
Begin MonoManager ReloadAssembly
Native extension for WindowsStandalone target not found
Refreshing native plugins compatible for Editor in 0.46 ms, found 1 plugins.
Preloading 0 native plugins for Editor in 0.00 ms.
Invoked RoslynAnalysisRunner static constructor.
RoslynAnalysisRunner will not be running.
RoslynAnalysisRunner has terminated.
Mono: successfully reloaded assembly
- Completed reload, in  1.234 seconds
Platform modules already initialized, skipping
Refreshing native plugins compatible for Editor in 0.43 ms, found 1 plugins.
Preloading 0 native plugins for Editor in 0.00 ms.
Unloading 1788 Unused Serialized files (Serialized files now loaded: 0)
System memory in use before: 87.5 MB.
System memory in use after: 87.5 MB.

Unloading 12 unused Assets to reduce memory usage. Loaded Objects now: 2296.
Total: 2.254200 ms (FindLiveObjects: 0.184300 ms CreateObjectMapping: 0.064000 ms MarkObjects: 1.892500 ms  DeleteObjects: 0.111500 ms)

========================================================================
Received Import Request.
  Time since last request: 18.123637 seconds.
  path: Assets/Scripts/ColumnsManager.cs
  artifactKey: Guid(205dd36faa097f44785d10ae83d34d6c) Importer(815301076,1909f56bfc062723c751e8b465ee728b)
Start importing Assets/Scripts/ColumnsManager.cs using Guid(205dd36faa097f44785d10ae83d34d6c) Importer(815301076,1909f56bfc062723c751e8b465ee728b)  -> (artifact id: '8c630e42bca8924c1d5e797e5bce0e63') in 0.012250 seconds
  Import took 0.019145 seconds .

========================================================================
Received Prepare
Registering precompiled user dll's ...
Registered in 0.002079 seconds.
Begin MonoManager ReloadAssembly
Native extension for WindowsStandalone target not found
Refreshing native plugins compatible for Editor in 0.42 ms, found 1 plugins.
Preloading 0 native plugins for Editor in 0.00 ms.
Invoked RoslynAnalysisRunner static constructor.
RoslynAnalysisRunner will not be running.
RoslynAnalysisRunner has terminated.
Mono: successfully reloaded assembly
- Completed reload, in  1.235 seconds
Platform modules already initialized, skipping
Refreshing native plugins compatible for Editor in 0.47 ms, found 1 plugins.
Preloading 0 native plugins for Editor in 0.00 ms.
Unloading 1789 Unused Serialized files (Serialized files now loaded: 0)
System memory in use before: 87.5 MB.
System memory in use after: 87.5 MB.

Unloading 12 unused Assets to reduce memory usage. Loaded Objects now: 2300.
Total: 2.383400 ms (FindLiveObjects: 0.279200 ms CreateObjectMapping: 0.100600 ms MarkObjects: 1.880100 ms  DeleteObjects: 0.122100 ms)

========================================================================
Received Import Request.
  Time since last request: 88.996212 seconds.
  path: Assets/Prefabs/ColumnBlock.prefab
  artifactKey: Guid(3bffb6d1064e5254687f414c95fc42fc) Importer(815301076,1909f56bfc062723c751e8b465ee728b)
Start importing Assets/Prefabs/ColumnBlock.prefab using Guid(3bffb6d1064e5254687f414c95fc42fc) Importer(815301076,1909f56bfc062723c751e8b465ee728b)  -> (artifact id: '83ba91b5bff6bf65fb369384ef04154f') in 0.098438 seconds
  Import took 0.103636 seconds .

========================================================================
Received Import Request.
  Time since last request: 0.009045 seconds.
  path: Assets/Prefabs/ColumnBlock.prefab
  artifactKey: Guid(3bffb6d1064e5254687f414c95fc42fc) Importer(815301076,1909f56bfc062723c751e8b465ee728b)
Start importing Assets/Prefabs/ColumnBlock.prefab using Guid(3bffb6d1064e5254687f414c95fc42fc) Importer(815301076,1909f56bfc062723c751e8b465ee728b)  -> (artifact id: '83ba91b5bff6bf65fb369384ef04154f') in 0.017386 seconds
  Import took 0.021905 seconds .

========================================================================
Received Import Request.
  Time since last request: 6.604635 seconds.
  path: Assets/Prefabs/ColumnBlock.prefab
  artifactKey: Guid(3bffb6d1064e5254687f414c95fc42fc) Importer(815301076,1909f56bfc062723c751e8b465ee728b)
Start importing Assets/Prefabs/ColumnBlock.prefab using Guid(3bffb6d1064e5254687f414c95fc42fc) Importer(815301076,1909f56bfc062723c751e8b465ee728b)  -> (artifact id: '5d41c1cb518df93088bcc8ccfa217c7a') in 0.019569 seconds
  Import took 0.023957 seconds .

========================================================================
Received Import Request.
  Time since last request: 7.828952 seconds.
  path: Assets/Prefabs/ColumnBlock.prefab
  artifactKey: Guid(3bffb6d1064e5254687f414c95fc42fc) Importer(815301076,1909f56bfc062723c751e8b465ee728b)
Start importing Assets/Prefabs/ColumnBlock.prefab using Guid(3bffb6d1064e5254687f414c95fc42fc) Importer(815301076,1909f56bfc062723c751e8b465ee728b)  -> (artifact id: 'fb89d02c0b55db3829dee475c8878ccb') in 0.019676 seconds
  Import took 0.024181 seconds .

========================================================================
Received Import Request.
  Time since last request: 2.618929 seconds.
  path: Assets/Prefabs/ColumnBlock.prefab
  artifactKey: Guid(3bffb6d1064e5254687f414c95fc42fc) Importer(815301076,1909f56bfc062723c751e8b465ee728b)
Start importing Assets/Prefabs/ColumnBlock.prefab using Guid(3bffb6d1064e5254687f414c95fc42fc) Importer(815301076,1909f56bfc062723c751e8b465ee728b)  -> (artifact id: '6063434ef7b519f5526a37376a27c874') in 0.017987 seconds
  Import took 0.022547 seconds .

========================================================================
Received Import Request.
  Time since last request: 7.435803 seconds.
  path: Assets/Prefabs/ColumnBlock.prefab
  artifactKey: Guid(3bffb6d1064e5254687f414c95fc42fc) Importer(815301076,1909f56bfc062723c751e8b465ee728b)
Start importing Assets/Prefabs/ColumnBlock.prefab using Guid(3bffb6d1064e5254687f414c95fc42fc) Importer(815301076,1909f56bfc062723c751e8b465ee728b)  -> (artifact id: '78677653a8db6cc3da1dc970fd1c9a11') in 0.017579 seconds
  Import took 0.021570 seconds .

========================================================================
Received Import Request.
  Time since last request: 3.809765 seconds.
  path: Assets/Prefabs/ColumnBlock.prefab
  artifactKey: Guid(3bffb6d1064e5254687f414c95fc42fc) Importer(815301076,1909f56bfc062723c751e8b465ee728b)
Start importing Assets/Prefabs/ColumnBlock.prefab using Guid(3bffb6d1064e5254687f414c95fc42fc) Importer(815301076,1909f56bfc062723c751e8b465ee728b)  -> (artifact id: '7fd7f3e0ed48e99c4bdde3dbc6ffdd5d') in 0.016542 seconds
  Import took 0.021590 seconds .

========================================================================
Received Import Request.
  Time since last request: 28.541118 seconds.
  path: Assets/Prefabs/ColumnBlock.prefab
  artifactKey: Guid(3bffb6d1064e5254687f414c95fc42fc) Importer(815301076,1909f56bfc062723c751e8b465ee728b)
Start importing Assets/Prefabs/ColumnBlock.prefab using Guid(3bffb6d1064e5254687f414c95fc42fc) Importer(815301076,1909f56bfc062723c751e8b465ee728b)  -> (artifact id: '936fc04af6cb24a9f65bf0e15ad852e7') in 0.019103 seconds
  Import took 0.024663 seconds .

========================================================================
Received Import Request.
  Time since last request: 2.626362 seconds.
  path: Assets/Prefabs/ColumnBlock.prefab
  artifactKey: Guid(3bffb6d1064e5254687f414c95fc42fc) Importer(815301076,1909f56bfc062723c751e8b465ee728b)
Start importing Assets/Prefabs/ColumnBlock.prefab using Guid(3bffb6d1064e5254687f414c95fc42fc) Importer(815301076,1909f56bfc062723c751e8b465ee728b)  -> (artifact id: '97b0636a5cafd1a6c5560bad1935c3d9') in 0.016400 seconds
  Import took 0.020818 seconds .

========================================================================
Received Import Request.
  Time since last request: 5.388792 seconds.
  path: Assets/Prefabs/ColumnBlock.prefab
  artifactKey: Guid(3bffb6d1064e5254687f414c95fc42fc) Importer(815301076,1909f56bfc062723c751e8b465ee728b)
Start importing Assets/Prefabs/ColumnBlock.prefab using Guid(3bffb6d1064e5254687f414c95fc42fc) Importer(815301076,1909f56bfc062723c751e8b465ee728b)  -> (artifact id: '66cec3526c018c91157e38af69b3afed') in 0.018219 seconds
  Import took 0.022832 seconds .

========================================================================
Received Import Request.
  Time since last request: 6.396601 seconds.
  path: Assets/Prefabs/ColumnBlock.prefab
  artifactKey: Guid(3bffb6d1064e5254687f414c95fc42fc) Importer(815301076,1909f56bfc062723c751e8b465ee728b)
Start importing Assets/Prefabs/ColumnBlock.prefab using Guid(3bffb6d1064e5254687f414c95fc42fc) Importer(815301076,1909f56bfc062723c751e8b465ee728b)  -> (artifact id: 'a60c60dd57de70c3ee48293b9ca957ba') in 0.015819 seconds
  Import took 0.020096 seconds .

========================================================================
Received Import Request.
  Time since last request: 6.109211 seconds.
  path: Assets/Prefabs/ColumnBlock.prefab
  artifactKey: Guid(3bffb6d1064e5254687f414c95fc42fc) Importer(815301076,1909f56bfc062723c751e8b465ee728b)
Start importing Assets/Prefabs/ColumnBlock.prefab using Guid(3bffb6d1064e5254687f414c95fc42fc) Importer(815301076,1909f56bfc062723c751e8b465ee728b)  -> (artifact id: '7c9f6adb8193fbdedc107501d78801fb') in 0.016953 seconds
  Import took 0.021209 seconds .

========================================================================
Received Import Request.
  Time since last request: 2.440305 seconds.
  path: Assets/Prefabs/ColumnBlock.prefab
  artifactKey: Guid(3bffb6d1064e5254687f414c95fc42fc) Importer(815301076,1909f56bfc062723c751e8b465ee728b)
Start importing Assets/Prefabs/ColumnBlock.prefab using Guid(3bffb6d1064e5254687f414c95fc42fc) Importer(815301076,1909f56bfc062723c751e8b465ee728b)  -> (artifact id: '4856731908dd20ca3f7930cf80439a27') in 0.016170 seconds
  Import took 0.020487 seconds .

========================================================================
Received Import Request.
  Time since last request: 3.665583 seconds.
  path: Assets/Prefabs/ColumnBlock.prefab
  artifactKey: Guid(3bffb6d1064e5254687f414c95fc42fc) Importer(815301076,1909f56bfc062723c751e8b465ee728b)
Start importing Assets/Prefabs/ColumnBlock.prefab using Guid(3bffb6d1064e5254687f414c95fc42fc) Importer(815301076,1909f56bfc062723c751e8b465ee728b)  -> (artifact id: 'dfaa22a1f8140fd061272245b0694ce4') in 0.017867 seconds
  Import took 0.022603 seconds .

========================================================================
Received Import Request.
  Time since last request: 2.011123 seconds.
  path: Assets/Prefabs/ColumnBlock.prefab
  artifactKey: Guid(3bffb6d1064e5254687f414c95fc42fc) Importer(815301076,1909f56bfc062723c751e8b465ee728b)
Start importing Assets/Prefabs/ColumnBlock.prefab using Guid(3bffb6d1064e5254687f414c95fc42fc) Importer(815301076,1909f56bfc062723c751e8b465ee728b)  -> (artifact id: '32825f34dceadf6eada73c42ccdfd828') in 0.016334 seconds
  Import took 0.020329 seconds .

========================================================================
Received Import Request.
  Time since last request: 3.227683 seconds.
  path: Assets/Prefabs/ColumnBlock.prefab
  artifactKey: Guid(3bffb6d1064e5254687f414c95fc42fc) Importer(815301076,1909f56bfc062723c751e8b465ee728b)
Start importing Assets/Prefabs/ColumnBlock.prefab using Guid(3bffb6d1064e5254687f414c95fc42fc) Importer(815301076,1909f56bfc062723c751e8b465ee728b)  -> (artifact id: 'afce62a6a2abec8e81f5dbc35deb1ef4') in 0.017343 seconds
  Import took 0.021421 seconds .

========================================================================
Received Import Request.
  Time since last request: 4.929718 seconds.
  path: Assets/Prefabs/ColumnBlock.prefab
  artifactKey: Guid(3bffb6d1064e5254687f414c95fc42fc) Importer(815301076,1909f56bfc062723c751e8b465ee728b)
Start importing Assets/Prefabs/ColumnBlock.prefab using Guid(3bffb6d1064e5254687f414c95fc42fc) Importer(815301076,1909f56bfc062723c751e8b465ee728b)  -> (artifact id: '75a511432c6c7ccdb001436ed0d33068') in 0.016192 seconds
  Import took 0.020725 seconds .

========================================================================
Received Import Request.
  Time since last request: 5.820216 seconds.
  path: Assets/Prefabs/ColumnBlock.prefab
  artifactKey: Guid(3bffb6d1064e5254687f414c95fc42fc) Importer(815301076,1909f56bfc062723c751e8b465ee728b)
Start importing Assets/Prefabs/ColumnBlock.prefab using Guid(3bffb6d1064e5254687f414c95fc42fc) Importer(815301076,1909f56bfc062723c751e8b465ee728b)  -> (artifact id: '1db5399659b9fd6d8edcd1024be16d8d') in 0.017294 seconds
  Import took 0.021289 seconds .

========================================================================
Received Import Request.
  Time since last request: 3.835652 seconds.
  path: Assets/Prefabs/ColumnBlock.prefab
  artifactKey: Guid(3bffb6d1064e5254687f414c95fc42fc) Importer(815301076,1909f56bfc062723c751e8b465ee728b)
Start importing Assets/Prefabs/ColumnBlock.prefab using Guid(3bffb6d1064e5254687f414c95fc42fc) Importer(815301076,1909f56bfc062723c751e8b465ee728b)  -> (artifact id: '47c47bde56246c97de9664fde579b344') in 0.017677 seconds
  Import took 0.022611 seconds .

========================================================================
Received Import Request.
  Time since last request: 98.157388 seconds.
  path: Assets/Prefabs/ColumnBlock.prefab
  artifactKey: Guid(3bffb6d1064e5254687f414c95fc42fc) Importer(815301076,1909f56bfc062723c751e8b465ee728b)
Start importing Assets/Prefabs/ColumnBlock.prefab using Guid(3bffb6d1064e5254687f414c95fc42fc) Importer(815301076,1909f56bfc062723c751e8b465ee728b)  -> (artifact id: 'cecde25c1db2f8d4619609f6c8ce96e2') in 0.016231 seconds
  Import took 0.020496 seconds .

========================================================================
Received Import Request.
  Time since last request: 14.195892 seconds.
  path: Assets/Prefabs/ColumnBlock.prefab
  artifactKey: Guid(3bffb6d1064e5254687f414c95fc42fc) Importer(815301076,1909f56bfc062723c751e8b465ee728b)
Start importing Assets/Prefabs/ColumnBlock.prefab using Guid(3bffb6d1064e5254687f414c95fc42fc) Importer(815301076,1909f56bfc062723c751e8b465ee728b)  -> (artifact id: '7472e8c391ad9ba3b73db14ea3f6c5ad') in 0.015473 seconds
  Import took 0.019821 seconds .

========================================================================
Received Prepare
Registering precompiled user dll's ...
Registered in 0.002170 seconds.
Begin MonoManager ReloadAssembly
Native extension for WindowsStandalone target not found
Refreshing native plugins compatible for Editor in 0.44 ms, found 1 plugins.
Preloading 0 native plugins for Editor in 0.00 ms.
Invoked RoslynAnalysisRunner static constructor.
RoslynAnalysisRunner will not be running.
RoslynAnalysisRunner has terminated.
Mono: successfully reloaded assembly
- Completed reload, in  1.264 seconds
Platform modules already initialized, skipping
Refreshing native plugins compatible for Editor in 0.46 ms, found 1 plugins.
Preloading 0 native plugins for Editor in 0.00 ms.
Unloading 1789 Unused Serialized files (Serialized files now loaded: 0)
System memory in use before: 87.7 MB.
System memory in use after: 87.7 MB.

Unloading 12 unused Assets to reduce memory usage. Loaded Objects now: 2304.
Total: 2.269600 ms (FindLiveObjects: 0.193400 ms CreateObjectMapping: 0.064300 ms MarkObjects: 1.886600 ms  DeleteObjects: 0.124000 ms)

========================================================================
Received Prepare
Registering precompiled user dll's ...
Registered in 0.002103 seconds.
Begin MonoManager ReloadAssembly
Native extension for WindowsStandalone target not found
Refreshing native plugins compatible for Editor in 0.43 ms, found 1 plugins.
Preloading 0 native plugins for Editor in 0.00 ms.
Invoked RoslynAnalysisRunner static constructor.
RoslynAnalysisRunner will not be running.
RoslynAnalysisRunner has terminated.
Mono: successfully reloaded assembly
- Completed reload, in  1.404 seconds
Platform modules already initialized, skipping
Refreshing native plugins compatible for Editor in 0.43 ms, found 1 plugins.
Preloading 0 native plugins for Editor in 0.00 ms.
Unloading 1789 Unused Serialized files (Serialized files now loaded: 0)
System memory in use before: 87.7 MB.
System memory in use after: 87.7 MB.

Unloading 12 unused Assets to reduce memory usage. Loaded Objects now: 2307.
Total: 3.012700 ms (FindLiveObjects: 0.322200 ms CreateObjectMapping: 0.160800 ms MarkObjects: 2.405700 ms  DeleteObjects: 0.122100 ms)

========================================================================
Received Prepare
Registering precompiled user dll's ...
Registered in 0.002100 seconds.
Begin MonoManager ReloadAssembly
Native extension for WindowsStandalone target not found
Refreshing native plugins compatible for Editor in 0.44 ms, found 1 plugins.
Preloading 0 native plugins for Editor in 0.00 ms.
Invoked RoslynAnalysisRunner static constructor.
RoslynAnalysisRunner will not be running.
RoslynAnalysisRunner has terminated.
Mono: successfully reloaded assembly
- Completed reload, in  1.254 seconds
Platform modules already initialized, skipping
Refreshing native plugins compatible for Editor in 0.42 ms, found 1 plugins.
Preloading 0 native plugins for Editor in 0.00 ms.
Unloading 1789 Unused Serialized files (Serialized files now loaded: 0)
System memory in use before: 87.8 MB.
System memory in use after: 87.8 MB.

Unloading 12 unused Assets to reduce memory usage. Loaded Objects now: 2310.
Total: 2.677800 ms (FindLiveObjects: 0.384000 ms CreateObjectMapping: 0.161000 ms MarkObjects: 2.010600 ms  DeleteObjects: 0.120600 ms)

========================================================================
Received Prepare
Registering precompiled user dll's ...
Registered in 0.002048 seconds.
Begin MonoManager ReloadAssembly
Native extension for WindowsStandalone target not found
Refreshing native plugins compatible for Editor in 0.43 ms, found 1 plugins.
Preloading 0 native plugins for Editor in 0.00 ms.
Invoked RoslynAnalysisRunner static constructor.
RoslynAnalysisRunner will not be running.
RoslynAnalysisRunner has terminated.
Mono: successfully reloaded assembly
- Completed reload, in  1.322 seconds
Platform modules already initialized, skipping
Refreshing native plugins compatible for Editor in 0.57 ms, found 1 plugins.
Preloading 0 native plugins for Editor in 0.00 ms.
Unloading 1789 Unused Serialized files (Serialized files now loaded: 0)
System memory in use before: 87.9 MB.
System memory in use after: 87.9 MB.

Unloading 12 unused Assets to reduce memory usage. Loaded Objects now: 2313.
Total: 2.204100 ms (FindLiveObjects: 0.204400 ms CreateObjectMapping: 0.065700 ms MarkObjects: 1.812800 ms  DeleteObjects: 0.119400 ms)

========================================================================
Received Prepare
Registering precompiled user dll's ...
Registered in 0.002448 seconds.
Begin MonoManager ReloadAssembly
Native extension for WindowsStandalone target not found
Refreshing native plugins compatible for Editor in 0.47 ms, found 1 plugins.
Preloading 0 native plugins for Editor in 0.00 ms.
Invoked RoslynAnalysisRunner static constructor.
RoslynAnalysisRunner will not be running.
RoslynAnalysisRunner has terminated.
Mono: successfully reloaded assembly
- Completed reload, in  1.341 seconds
Platform modules already initialized, skipping
Refreshing native plugins compatible for Editor in 0.43 ms, found 1 plugins.
Preloading 0 native plugins for Editor in 0.00 ms.
Unloading 1789 Unused Serialized files (Serialized files now loaded: 0)
System memory in use before: 87.9 MB.
System memory in use after: 87.9 MB.

Unloading 12 unused Assets to reduce memory usage. Loaded Objects now: 2316.
Total: 2.440000 ms (FindLiveObjects: 0.350800 ms CreateObjectMapping: 0.073100 ms MarkObjects: 1.896800 ms  DeleteObjects: 0.117600 ms)

========================================================================
Received Prepare
Registering precompiled user dll's ...
Registered in 0.002093 seconds.
Begin MonoManager ReloadAssembly
Native extension for WindowsStandalone target not found
Refreshing native plugins compatible for Editor in 0.42 ms, found 1 plugins.
Preloading 0 native plugins for Editor in 0.00 ms.
Invoked RoslynAnalysisRunner static constructor.
RoslynAnalysisRunner will not be running.
RoslynAnalysisRunner has terminated.
Mono: successfully reloaded assembly
- Completed reload, in  1.287 seconds
Platform modules already initialized, skipping
Refreshing native plugins compatible for Editor in 0.47 ms, found 1 plugins.
Preloading 0 native plugins for Editor in 0.00 ms.
Unloading 1789 Unused Serialized files (Serialized files now loaded: 0)
System memory in use before: 88.0 MB.
System memory in use after: 88.0 MB.

Unloading 12 unused Assets to reduce memory usage. Loaded Objects now: 2319.
Total: 2.288900 ms (FindLiveObjects: 0.278600 ms CreateObjectMapping: 0.074100 ms MarkObjects: 1.820300 ms  DeleteObjects: 0.114400 ms)

========================================================================
Received Prepare
Registering precompiled user dll's ...
Registered in 0.002919 seconds.
Begin MonoManager ReloadAssembly
Native extension for WindowsStandalone target not found
Refreshing native plugins compatible for Editor in 0.44 ms, found 1 plugins.
Preloading 0 native plugins for Editor in 0.00 ms.
Invoked RoslynAnalysisRunner static constructor.
RoslynAnalysisRunner will not be running.
RoslynAnalysisRunner has terminated.
Mono: successfully reloaded assembly
- Completed reload, in  1.291 seconds
Platform modules already initialized, skipping
Refreshing native plugins compatible for Editor in 0.43 ms, found 1 plugins.
Preloading 0 native plugins for Editor in 0.00 ms.
Unloading 1789 Unused Serialized files (Serialized files now loaded: 0)
System memory in use before: 88.0 MB.
System memory in use after: 88.0 MB.

Unloading 12 unused Assets to reduce memory usage. Loaded Objects now: 2322.
Total: 2.573600 ms (FindLiveObjects: 0.289700 ms CreateObjectMapping: 0.098400 ms MarkObjects: 2.055800 ms  DeleteObjects: 0.127800 ms)

========================================================================
Received Prepare
Registering precompiled user dll's ...
Registered in 0.002344 seconds.
Begin MonoManager ReloadAssembly
Native extension for WindowsStandalone target not found
Refreshing native plugins compatible for Editor in 0.45 ms, found 1 plugins.
Preloading 0 native plugins for Editor in 0.00 ms.
Invoked RoslynAnalysisRunner static constructor.
RoslynAnalysisRunner will not be running.
RoslynAnalysisRunner has terminated.
Mono: successfully reloaded assembly
- Completed reload, in  1.339 seconds
Platform modules already initialized, skipping
Refreshing native plugins compatible for Editor in 0.44 ms, found 1 plugins.
Preloading 0 native plugins for Editor in 0.00 ms.
Unloading 1789 Unused Serialized files (Serialized files now loaded: 0)
System memory in use before: 88.1 MB.
System memory in use after: 88.1 MB.

Unloading 12 unused Assets to reduce memory usage. Loaded Objects now: 2325.
Total: 3.398900 ms (FindLiveObjects: 0.567300 ms CreateObjectMapping: 0.202400 ms MarkObjects: 2.464000 ms  DeleteObjects: 0.162900 ms)

========================================================================
Received Prepare
Registering precompiled user dll's ...
Registered in 0.002151 seconds.
Begin MonoManager ReloadAssembly
Native extension for WindowsStandalone target not found
Refreshing native plugins compatible for Editor in 0.43 ms, found 1 plugins.
Preloading 0 native plugins for Editor in 0.00 ms.
Invoked RoslynAnalysisRunner static constructor.
RoslynAnalysisRunner will not be running.
RoslynAnalysisRunner has terminated.
Mono: successfully reloaded assembly
- Completed reload, in  1.306 seconds
Platform modules already initialized, skipping
Refreshing native plugins compatible for Editor in 0.45 ms, found 1 plugins.
Preloading 0 native plugins for Editor in 0.00 ms.
Unloading 1789 Unused Serialized files (Serialized files now loaded: 0)
System memory in use before: 88.2 MB.
System memory in use after: 88.2 MB.

Unloading 12 unused Assets to reduce memory usage. Loaded Objects now: 2328.
Total: 2.378300 ms (FindLiveObjects: 0.327300 ms CreateObjectMapping: 0.067100 ms MarkObjects: 1.851700 ms  DeleteObjects: 0.130600 ms)

========================================================================
Received Prepare
Registering precompiled user dll's ...
Registered in 0.002236 seconds.
Begin MonoManager ReloadAssembly
Native extension for WindowsStandalone target not found
Refreshing native plugins compatible for Editor in 0.45 ms, found 1 plugins.
Preloading 0 native plugins for Editor in 0.00 ms.
Invoked RoslynAnalysisRunner static constructor.
RoslynAnalysisRunner will not be running.
RoslynAnalysisRunner has terminated.
Mono: successfully reloaded assembly
- Completed reload, in  1.288 seconds
Platform modules already initialized, skipping
Refreshing native plugins compatible for Editor in 0.44 ms, found 1 plugins.
Preloading 0 native plugins for Editor in 0.00 ms.
Unloading 1789 Unused Serialized files (Serialized files now loaded: 0)
System memory in use before: 88.2 MB.
System memory in use after: 88.2 MB.

Unloading 12 unused Assets to reduce memory usage. Loaded Objects now: 2331.
Total: 2.697900 ms (FindLiveObjects: 0.347100 ms CreateObjectMapping: 0.105400 ms MarkObjects: 2.109400 ms  DeleteObjects: 0.134000 ms)

========================================================================
Received Prepare
Registering precompiled user dll's ...
Registered in 0.003531 seconds.
Begin MonoManager ReloadAssembly
Native extension for WindowsStandalone target not found
Refreshing native plugins compatible for Editor in 0.43 ms, found 1 plugins.
Preloading 0 native plugins for Editor in 0.00 ms.
Invoked RoslynAnalysisRunner static constructor.
RoslynAnalysisRunner will not be running.
RoslynAnalysisRunner has terminated.
Mono: successfully reloaded assembly
- Completed reload, in  1.361 seconds
Platform modules already initialized, skipping
Refreshing native plugins compatible for Editor in 0.44 ms, found 1 plugins.
Preloading 0 native plugins for Editor in 0.00 ms.
Unloading 1789 Unused Serialized files (Serialized files now loaded: 0)
System memory in use before: 88.3 MB.
System memory in use after: 88.3 MB.

Unloading 12 unused Assets to reduce memory usage. Loaded Objects now: 2334.
Total: 2.398300 ms (FindLiveObjects: 0.213700 ms CreateObjectMapping: 0.085400 ms MarkObjects: 1.964600 ms  DeleteObjects: 0.133100 ms)

========================================================================
Received Prepare
Registering precompiled user dll's ...
Registered in 0.002158 seconds.
Begin MonoManager ReloadAssembly
Native extension for WindowsStandalone target not found
Refreshing native plugins compatible for Editor in 0.47 ms, found 1 plugins.
Preloading 0 native plugins for Editor in 0.00 ms.
Invoked RoslynAnalysisRunner static constructor.
RoslynAnalysisRunner will not be running.
RoslynAnalysisRunner has terminated.
Mono: successfully reloaded assembly
- Completed reload, in  1.328 seconds
Platform modules already initialized, skipping
Refreshing native plugins compatible for Editor in 0.41 ms, found 1 plugins.
Preloading 0 native plugins for Editor in 0.00 ms.
Unloading 1789 Unused Serialized files (Serialized files now loaded: 0)
System memory in use before: 88.4 MB.
System memory in use after: 88.4 MB.

Unloading 12 unused Assets to reduce memory usage. Loaded Objects now: 2337.
Total: 2.490500 ms (FindLiveObjects: 0.225200 ms CreateObjectMapping: 0.066200 ms MarkObjects: 2.080400 ms  DeleteObjects: 0.117500 ms)

========================================================================
Received Import Request.
  Time since last request: 2264.027131 seconds.
  path: Assets/Prefabs/ColumnBlock.prefab
  artifactKey: Guid(3bffb6d1064e5254687f414c95fc42fc) Importer(815301076,1909f56bfc062723c751e8b465ee728b)
Start importing Assets/Prefabs/ColumnBlock.prefab using Guid(3bffb6d1064e5254687f414c95fc42fc) Importer(815301076,1909f56bfc062723c751e8b465ee728b)  -> (artifact id: 'baf275f365e2c2707755ab4aa2ac1690') in 0.073609 seconds
  Import took 0.078004 seconds .

========================================================================
Received Prepare
Registering precompiled user dll's ...
Registered in 0.002076 seconds.
Begin MonoManager ReloadAssembly
Native extension for WindowsStandalone target not found
Refreshing native plugins compatible for Editor in 0.43 ms, found 1 plugins.
Preloading 0 native plugins for Editor in 0.00 ms.
Invoked RoslynAnalysisRunner static constructor.
RoslynAnalysisRunner will not be running.
RoslynAnalysisRunner has terminated.
Mono: successfully reloaded assembly
- Completed reload, in  1.292 seconds
Platform modules already initialized, skipping
Refreshing native plugins compatible for Editor in 0.44 ms, found 1 plugins.
Preloading 0 native plugins for Editor in 0.00 ms.
Unloading 1789 Unused Serialized files (Serialized files now loaded: 0)
System memory in use before: 88.4 MB.
System memory in use after: 88.4 MB.

Unloading 12 unused Assets to reduce memory usage. Loaded Objects now: 2341.
Total: 2.403900 ms (FindLiveObjects: 0.194900 ms CreateObjectMapping: 0.064500 ms MarkObjects: 1.994200 ms  DeleteObjects: 0.119500 ms)

========================================================================
Received Prepare
Registering precompiled user dll's ...
Registered in 0.002149 seconds.
Begin MonoManager ReloadAssembly
Native extension for WindowsStandalone target not found
Refreshing native plugins compatible for Editor in 0.66 ms, found 1 plugins.
Preloading 0 native plugins for Editor in 0.00 ms.
Invoked RoslynAnalysisRunner static constructor.
RoslynAnalysisRunner will not be running.
RoslynAnalysisRunner has terminated.
Mono: successfully reloaded assembly
- Completed reload, in  1.305 seconds
Platform modules already initialized, skipping
Refreshing native plugins compatible for Editor in 0.43 ms, found 1 plugins.
Preloading 0 native plugins for Editor in 0.00 ms.
Unloading 1789 Unused Serialized files (Serialized files now loaded: 0)
System memory in use before: 88.5 MB.
System memory in use after: 88.5 MB.

Unloading 12 unused Assets to reduce memory usage. Loaded Objects now: 2344.
Total: 2.359000 ms (FindLiveObjects: 0.253600 ms CreateObjectMapping: 0.072500 ms MarkObjects: 1.914200 ms  DeleteObjects: 0.117500 ms)

========================================================================
Received Prepare
Registering precompiled user dll's ...
Registered in 0.002807 seconds.
Begin MonoManager ReloadAssembly
Native extension for WindowsStandalone target not found
Refreshing native plugins compatible for Editor in 0.49 ms, found 1 plugins.
Preloading 0 native plugins for Editor in 0.00 ms.
Invoked RoslynAnalysisRunner static constructor.
RoslynAnalysisRunner will not be running.
RoslynAnalysisRunner has terminated.
Mono: successfully reloaded assembly
- Completed reload, in  1.313 seconds
Platform modules already initialized, skipping
Refreshing native plugins compatible for Editor in 0.42 ms, found 1 plugins.
Preloading 0 native plugins for Editor in 0.00 ms.
Unloading 1789 Unused Serialized files (Serialized files now loaded: 0)
System memory in use before: 88.6 MB.
System memory in use after: 88.6 MB.

Unloading 12 unused Assets to reduce memory usage. Loaded Objects now: 2347.
Total: 2.522200 ms (FindLiveObjects: 0.217600 ms CreateObjectMapping: 0.066300 ms MarkObjects: 2.114400 ms  DeleteObjects: 0.122100 ms)

========================================================================
Received Prepare
Registering precompiled user dll's ...
Registered in 0.002153 seconds.
Begin MonoManager ReloadAssembly
Native extension for WindowsStandalone target not found
Refreshing native plugins compatible for Editor in 0.44 ms, found 1 plugins.
Preloading 0 native plugins for Editor in 0.00 ms.
Invoked RoslynAnalysisRunner static constructor.
RoslynAnalysisRunner will not be running.
RoslynAnalysisRunner has terminated.
Mono: successfully reloaded assembly
- Completed reload, in  1.356 seconds
Platform modules already initialized, skipping
Refreshing native plugins compatible for Editor in 0.44 ms, found 1 plugins.
Preloading 0 native plugins for Editor in 0.00 ms.
Unloading 1789 Unused Serialized files (Serialized files now loaded: 0)
System memory in use before: 88.6 MB.
System memory in use after: 88.6 MB.

Unloading 12 unused Assets to reduce memory usage. Loaded Objects now: 2350.
Total: 2.267800 ms (FindLiveObjects: 0.216400 ms CreateObjectMapping: 0.064900 ms MarkObjects: 1.869500 ms  DeleteObjects: 0.115400 ms)

========================================================================
Received Prepare
Registering precompiled user dll's ...
Registered in 0.002166 seconds.
Begin MonoManager ReloadAssembly
Native extension for WindowsStandalone target not found
Refreshing native plugins compatible for Editor in 0.43 ms, found 1 plugins.
Preloading 0 native plugins for Editor in 0.00 ms.
Invoked RoslynAnalysisRunner static constructor.
RoslynAnalysisRunner will not be running.
RoslynAnalysisRunner has terminated.
Mono: successfully reloaded assembly
- Completed reload, in  1.337 seconds
Platform modules already initialized, skipping
Refreshing native plugins compatible for Editor in 0.42 ms, found 1 plugins.
Preloading 0 native plugins for Editor in 0.00 ms.
Unloading 1789 Unused Serialized files (Serialized files now loaded: 0)
System memory in use before: 88.7 MB.
System memory in use after: 88.7 MB.

Unloading 12 unused Assets to reduce memory usage. Loaded Objects now: 2353.
Total: 2.323400 ms (FindLiveObjects: 0.207400 ms CreateObjectMapping: 0.063500 ms MarkObjects: 1.936300 ms  DeleteObjects: 0.114800 ms)

========================================================================
Received Prepare
Registering precompiled user dll's ...
Registered in 0.002286 seconds.
Begin MonoManager ReloadAssembly
Native extension for WindowsStandalone target not found
Refreshing native plugins compatible for Editor in 0.47 ms, found 1 plugins.
Preloading 0 native plugins for Editor in 0.00 ms.
Invoked RoslynAnalysisRunner static constructor.
RoslynAnalysisRunner will not be running.
RoslynAnalysisRunner has terminated.
Mono: successfully reloaded assembly
- Completed reload, in  1.553 seconds
Platform modules already initialized, skipping
Refreshing native plugins compatible for Editor in 0.44 ms, found 1 plugins.
Preloading 0 native plugins for Editor in 0.00 ms.
Unloading 1789 Unused Serialized files (Serialized files now loaded: 0)
System memory in use before: 88.8 MB.
System memory in use after: 88.8 MB.

Unloading 12 unused Assets to reduce memory usage. Loaded Objects now: 2356.
Total: 2.715600 ms (FindLiveObjects: 0.270500 ms CreateObjectMapping: 0.115700 ms MarkObjects: 2.199400 ms  DeleteObjects: 0.128200 ms)

========================================================================
Received Import Request.
  Time since last request: 801.038233 seconds.
  path: Assets/Prefabs/Grass.prefab
  artifactKey: Guid(eea702d22997d5f45913242d6474f7a9) Importer(815301076,1909f56bfc062723c751e8b465ee728b)
Start importing Assets/Prefabs/Grass.prefab using Guid(eea702d22997d5f45913242d6474f7a9) Importer(815301076,1909f56bfc062723c751e8b465ee728b)  -> (artifact id: 'f0e7e7036abda58cc077ba66738f27a3') in 0.090822 seconds
  Import took 0.095311 seconds .

========================================================================
Received Prepare
Registering precompiled user dll's ...
Registered in 0.002210 seconds.
Begin MonoManager ReloadAssembly
Native extension for WindowsStandalone target not found
Refreshing native plugins compatible for Editor in 0.44 ms, found 1 plugins.
Preloading 0 native plugins for Editor in 0.00 ms.
Invoked RoslynAnalysisRunner static constructor.
RoslynAnalysisRunner will not be running.
RoslynAnalysisRunner has terminated.
Mono: successfully reloaded assembly
- Completed reload, in  1.316 seconds
Platform modules already initialized, skipping
Refreshing native plugins compatible for Editor in 0.48 ms, found 1 plugins.
Preloading 0 native plugins for Editor in 0.00 ms.
Unloading 1789 Unused Serialized files (Serialized files now loaded: 0)
System memory in use before: 88.8 MB.
System memory in use after: 88.8 MB.

Unloading 12 unused Assets to reduce memory usage. Loaded Objects now: 2360.
Total: 2.127400 ms (FindLiveObjects: 0.198500 ms CreateObjectMapping: 0.066300 ms MarkObjects: 1.747900 ms  DeleteObjects: 0.113300 ms)

========================================================================
Received Prepare
Registering precompiled user dll's ...
Registered in 0.002832 seconds.
Begin MonoManager ReloadAssembly
Native extension for WindowsStandalone target not found
Refreshing native plugins compatible for Editor in 0.43 ms, found 1 plugins.
Preloading 0 native plugins for Editor in 0.00 ms.
Invoked RoslynAnalysisRunner static constructor.
RoslynAnalysisRunner will not be running.
RoslynAnalysisRunner has terminated.
Mono: successfully reloaded assembly
- Completed reload, in  1.414 seconds
Platform modules already initialized, skipping
Refreshing native plugins compatible for Editor in 0.42 ms, found 1 plugins.
Preloading 0 native plugins for Editor in 0.00 ms.
Unloading 1789 Unused Serialized files (Serialized files now loaded: 0)
System memory in use before: 88.9 MB.
System memory in use after: 88.9 MB.

Unloading 12 unused Assets to reduce memory usage. Loaded Objects now: 2363.
Total: 2.295700 ms (FindLiveObjects: 0.269000 ms CreateObjectMapping: 0.066500 ms MarkObjects: 1.846100 ms  DeleteObjects: 0.112700 ms)

========================================================================
Received Import Request.
  Time since last request: 517.849136 seconds.
  path: ProjectSettings/TagManager.asset
  artifactKey: Guid(00000000000000003000000000000000) Importer(815301076,1909f56bfc062723c751e8b465ee728b)
Start importing ProjectSettings/TagManager.asset using Guid(00000000000000003000000000000000) Importer(815301076,1909f56bfc062723c751e8b465ee728b)  -> (artifact id: 'e0b980f315cd5757125af005ed212271') in 0.025303 seconds
  Import took 0.031058 seconds .

========================================================================
Received Import Request.
  Time since last request: 0.004202 seconds.
  path: ProjectSettings/TagManager.asset
  artifactKey: Guid(00000000000000003000000000000000) Importer(815301076,1909f56bfc062723c751e8b465ee728b)
Start importing ProjectSettings/TagManager.asset using Guid(00000000000000003000000000000000) Importer(815301076,1909f56bfc062723c751e8b465ee728b)  -> (artifact id: 'e0b980f315cd5757125af005ed212271') in 0.006642 seconds
  Import took 0.011165 seconds .

========================================================================
Received Import Request.
  Time since last request: 48.350941 seconds.
  path: Assets/Scripts/ScoreManager.cs
  artifactKey: Guid(39aba000332e572428daa606d270a494) Importer(815301076,1909f56bfc062723c751e8b465ee728b)
Start importing Assets/Scripts/ScoreManager.cs using Guid(39aba000332e572428daa606d270a494) Importer(815301076,1909f56bfc062723c751e8b465ee728b)  -> (artifact id: '81a74cd0bf763c0b0866df93f521bd05') in 0.007995 seconds
  Import took 0.012913 seconds .

========================================================================
Received Import Request.
  Time since last request: 0.000873 seconds.
  path: Assets/Scripts/ScoreManager.cs
  artifactKey: Guid(39aba000332e572428daa606d270a494) Importer(815301076,1909f56bfc062723c751e8b465ee728b)
Start importing Assets/Scripts/ScoreManager.cs using Guid(39aba000332e572428daa606d270a494) Importer(815301076,1909f56bfc062723c751e8b465ee728b)  -> (artifact id: '81a74cd0bf763c0b0866df93f521bd05') in 0.007665 seconds
  Import took 0.012903 seconds .

========================================================================
Received Prepare
Registering precompiled user dll's ...
Registered in 0.002506 seconds.
Begin MonoManager ReloadAssembly
Native extension for WindowsStandalone target not found
Refreshing native plugins compatible for Editor in 0.43 ms, found 1 plugins.
Preloading 0 native plugins for Editor in 0.00 ms.
Invoked RoslynAnalysisRunner static constructor.
RoslynAnalysisRunner will not be running.
RoslynAnalysisRunner has terminated.
Mono: successfully reloaded assembly
- Completed reload, in  1.449 seconds
Platform modules already initialized, skipping
Refreshing native plugins compatible for Editor in 0.69 ms, found 1 plugins.
Preloading 0 native plugins for Editor in 0.00 ms.
Unloading 1790 Unused Serialized files (Serialized files now loaded: 0)
System memory in use before: 89.0 MB.
System memory in use after: 89.0 MB.

Unloading 14 unused Assets to reduce memory usage. Loaded Objects now: 2367.
Total: 3.734600 ms (FindLiveObjects: 0.255800 ms CreateObjectMapping: 0.074500 ms MarkObjects: 3.274700 ms  DeleteObjects: 0.127700 ms)

========================================================================
Received Prepare
Registering precompiled user dll's ...
Registered in 0.002071 seconds.
Begin MonoManager ReloadAssembly
Native extension for WindowsStandalone target not found
Refreshing native plugins compatible for Editor in 0.47 ms, found 1 plugins.
Preloading 0 native plugins for Editor in 0.00 ms.
Invoked RoslynAnalysisRunner static constructor.
RoslynAnalysisRunner will not be running.
RoslynAnalysisRunner has terminated.
Mono: successfully reloaded assembly
- Completed reload, in  1.349 seconds
Platform modules already initialized, skipping
Refreshing native plugins compatible for Editor in 0.42 ms, found 1 plugins.
Preloading 0 native plugins for Editor in 0.00 ms.
Unloading 1790 Unused Serialized files (Serialized files now loaded: 0)
System memory in use before: 89.1 MB.
System memory in use after: 89.1 MB.

Unloading 12 unused Assets to reduce memory usage. Loaded Objects now: 2370.
Total: 2.558100 ms (FindLiveObjects: 0.445200 ms CreateObjectMapping: 0.111800 ms MarkObjects: 1.863500 ms  DeleteObjects: 0.135900 ms)

========================================================================
Received Import Request.
  Time since last request: 46.053334 seconds.
  path: Assets/Scripts/ScoreManager.cs
  artifactKey: Guid(39aba000332e572428daa606d270a494) Importer(815301076,1909f56bfc062723c751e8b465ee728b)
Start importing Assets/Scripts/ScoreManager.cs using Guid(39aba000332e572428daa606d270a494) Importer(815301076,1909f56bfc062723c751e8b465ee728b)  -> (artifact id: '31f5fa59941c278860adb9db3b1ebbd9') in 0.008710 seconds
  Import took 0.012727 seconds .

========================================================================
Received Prepare
Registering precompiled user dll's ...
Registered in 0.002188 seconds.
Begin MonoManager ReloadAssembly
Native extension for WindowsStandalone target not found
Refreshing native plugins compatible for Editor in 0.43 ms, found 1 plugins.
Preloading 0 native plugins for Editor in 0.00 ms.
Invoked RoslynAnalysisRunner static constructor.
RoslynAnalysisRunner will not be running.
RoslynAnalysisRunner has terminated.
Mono: successfully reloaded assembly
- Completed reload, in  1.373 seconds
Platform modules already initialized, skipping
Refreshing native plugins compatible for Editor in 0.44 ms, found 1 plugins.
Preloading 0 native plugins for Editor in 0.00 ms.
Unloading 1790 Unused Serialized files (Serialized files now loaded: 0)
System memory in use before: 89.1 MB.
System memory in use after: 89.1 MB.

Unloading 12 unused Assets to reduce memory usage. Loaded Objects now: 2373.
Total: 2.354400 ms (FindLiveObjects: 0.207200 ms CreateObjectMapping: 0.066100 ms MarkObjects: 1.950600 ms  DeleteObjects: 0.129200 ms)

========================================================================
Received Prepare
Registering precompiled user dll's ...
Registered in 0.002299 seconds.
Begin MonoManager ReloadAssembly
Native extension for WindowsStandalone target not found
Refreshing native plugins compatible for Editor in 0.43 ms, found 1 plugins.
Preloading 0 native plugins for Editor in 0.00 ms.
Invoked RoslynAnalysisRunner static constructor.
RoslynAnalysisRunner will not be running.
RoslynAnalysisRunner has terminated.
Mono: successfully reloaded assembly
- Completed reload, in  1.383 seconds
Platform modules already initialized, skipping
Refreshing native plugins compatible for Editor in 0.48 ms, found 1 plugins.
Preloading 0 native plugins for Editor in 0.00 ms.
Unloading 1790 Unused Serialized files (Serialized files now loaded: 0)
System memory in use before: 89.2 MB.
System memory in use after: 89.2 MB.

Unloading 12 unused Assets to reduce memory usage. Loaded Objects now: 2376.
Total: 2.667500 ms (FindLiveObjects: 0.219800 ms CreateObjectMapping: 0.093400 ms MarkObjects: 2.232000 ms  DeleteObjects: 0.120900 ms)

========================================================================
Received Prepare
Registering precompiled user dll's ...
Registered in 0.003122 seconds.
Begin MonoManager ReloadAssembly
Native extension for WindowsStandalone target not found
Refreshing native plugins compatible for Editor in 0.44 ms, found 1 plugins.
Preloading 0 native plugins for Editor in 0.00 ms.
Invoked RoslynAnalysisRunner static constructor.
RoslynAnalysisRunner will not be running.
RoslynAnalysisRunner has terminated.
Mono: successfully reloaded assembly
- Completed reload, in  1.450 seconds
Platform modules already initialized, skipping
Refreshing native plugins compatible for Editor in 0.43 ms, found 1 plugins.
Preloading 0 native plugins for Editor in 0.00 ms.
Unloading 1790 Unused Serialized files (Serialized files now loaded: 0)
System memory in use before: 89.3 MB.
System memory in use after: 89.3 MB.

Unloading 12 unused Assets to reduce memory usage. Loaded Objects now: 2379.
Total: 2.551700 ms (FindLiveObjects: 0.407800 ms CreateObjectMapping: 0.084100 ms MarkObjects: 1.919700 ms  DeleteObjects: 0.138700 ms)

========================================================================
Received Prepare
Registering precompiled user dll's ...
Registered in 0.002112 seconds.
Begin MonoManager ReloadAssembly
Native extension for WindowsStandalone target not found
Refreshing native plugins compatible for Editor in 0.45 ms, found 1 plugins.
Preloading 0 native plugins for Editor in 0.00 ms.
Invoked RoslynAnalysisRunner static constructor.
RoslynAnalysisRunner will not be running.
RoslynAnalysisRunner has terminated.
Mono: successfully reloaded assembly
- Completed reload, in  1.466 seconds
Platform modules already initialized, skipping
Refreshing native plugins compatible for Editor in 0.44 ms, found 1 plugins.
Preloading 0 native plugins for Editor in 0.00 ms.
Unloading 1790 Unused Serialized files (Serialized files now loaded: 0)
System memory in use before: 89.3 MB.
System memory in use after: 89.3 MB.

Unloading 12 unused Assets to reduce memory usage. Loaded Objects now: 2382.
Total: 2.774500 ms (FindLiveObjects: 0.285200 ms CreateObjectMapping: 0.068000 ms MarkObjects: 2.296700 ms  DeleteObjects: 0.122800 ms)

========================================================================
Received Prepare
Registering precompiled user dll's ...
Registered in 0.002110 seconds.
Begin MonoManager ReloadAssembly
Native extension for WindowsStandalone target not found
Refreshing native plugins compatible for Editor in 0.66 ms, found 1 plugins.
Preloading 0 native plugins for Editor in 0.00 ms.
Invoked RoslynAnalysisRunner static constructor.
RoslynAnalysisRunner will not be running.
RoslynAnalysisRunner has terminated.
Mono: successfully reloaded assembly
- Completed reload, in  1.497 seconds
Platform modules already initialized, skipping
Refreshing native plugins compatible for Editor in 0.45 ms, found 1 plugins.
Preloading 0 native plugins for Editor in 0.00 ms.
Unloading 1790 Unused Serialized files (Serialized files now loaded: 0)
System memory in use before: 89.4 MB.
System memory in use after: 89.4 MB.

Unloading 12 unused Assets to reduce memory usage. Loaded Objects now: 2385.
Total: 2.645700 ms (FindLiveObjects: 0.248300 ms CreateObjectMapping: 0.074800 ms MarkObjects: 2.194100 ms  DeleteObjects: 0.125300 ms)

========================================================================
Received Prepare
Registering precompiled user dll's ...
Registered in 0.002115 seconds.
Begin MonoManager ReloadAssembly
Native extension for WindowsStandalone target not found
Refreshing native plugins compatible for Editor in 0.43 ms, found 1 plugins.
Preloading 0 native plugins for Editor in 0.00 ms.
Invoked RoslynAnalysisRunner static constructor.
RoslynAnalysisRunner will not be running.
RoslynAnalysisRunner has terminated.
Mono: successfully reloaded assembly
- Completed reload, in  1.495 seconds
Platform modules already initialized, skipping
Refreshing native plugins compatible for Editor in 0.43 ms, found 1 plugins.
Preloading 0 native plugins for Editor in 0.00 ms.
Unloading 1790 Unused Serialized files (Serialized files now loaded: 0)
System memory in use before: 89.4 MB.
System memory in use after: 89.4 MB.

Unloading 12 unused Assets to reduce memory usage. Loaded Objects now: 2388.
Total: 2.427300 ms (FindLiveObjects: 0.231900 ms CreateObjectMapping: 0.068900 ms MarkObjects: 2.000800 ms  DeleteObjects: 0.124300 ms)

========================================================================
Received Prepare
Registering precompiled user dll's ...
Registered in 0.002116 seconds.
Begin MonoManager ReloadAssembly
Native extension for WindowsStandalone target not found
Refreshing native plugins compatible for Editor in 0.48 ms, found 1 plugins.
Preloading 0 native plugins for Editor in 0.00 ms.
Invoked RoslynAnalysisRunner static constructor.
RoslynAnalysisRunner will not be running.
RoslynAnalysisRunner has terminated.
Mono: successfully reloaded assembly
- Completed reload, in  1.419 seconds
Platform modules already initialized, skipping
Refreshing native plugins compatible for Editor in 0.44 ms, found 1 plugins.
Preloading 0 native plugins for Editor in 0.00 ms.
Unloading 1790 Unused Serialized files (Serialized files now loaded: 0)
System memory in use before: 88.5 MB.
System memory in use after: 88.5 MB.

Unloading 12 unused Assets to reduce memory usage. Loaded Objects now: 2391.
Total: 2.621500 ms (FindLiveObjects: 0.311500 ms CreateObjectMapping: 0.128900 ms MarkObjects: 2.053100 ms  DeleteObjects: 0.125700 ms)

========================================================================
Received Import Request.
  Time since last request: 732.252356 seconds.
  path: Assets/Scripts/ScoreUI.cs
  artifactKey: Guid(70a4f3f9c36fb2b44a0e829af5cdaf80) Importer(815301076,1909f56bfc062723c751e8b465ee728b)
Start importing Assets/Scripts/ScoreUI.cs using Guid(70a4f3f9c36fb2b44a0e829af5cdaf80) Importer(815301076,1909f56bfc062723c751e8b465ee728b)  -> (artifact id: 'bae3991a5dff680c52f84f801229f9dd') in 0.012599 seconds
  Import took 0.017744 seconds .

========================================================================
Received Prepare
Registering precompiled user dll's ...
Registered in 0.002043 seconds.
Begin MonoManager ReloadAssembly
Native extension for WindowsStandalone target not found
Refreshing native plugins compatible for Editor in 0.54 ms, found 1 plugins.
Preloading 0 native plugins for Editor in 0.00 ms.
Invoked RoslynAnalysisRunner static constructor.
RoslynAnalysisRunner will not be running.
RoslynAnalysisRunner has terminated.
Mono: successfully reloaded assembly
- Completed reload, in  1.468 seconds
Platform modules already initialized, skipping
Refreshing native plugins compatible for Editor in 0.50 ms, found 1 plugins.
Preloading 0 native plugins for Editor in 0.00 ms.
Unloading 1791 Unused Serialized files (Serialized files now loaded: 0)
System memory in use before: 88.6 MB.
System memory in use after: 88.6 MB.

Unloading 12 unused Assets to reduce memory usage. Loaded Objects now: 2395.
Total: 2.582600 ms (FindLiveObjects: 0.378600 ms CreateObjectMapping: 0.114100 ms MarkObjects: 1.949700 ms  DeleteObjects: 0.137900 ms)

========================================================================
Received Import Request.
  Time since last request: 39.314482 seconds.
  path: Assets/Flappy Bird Style/Fonts
  artifactKey: Guid(00a19653350a27348aa33308a7024a65) Importer(815301076,1909f56bfc062723c751e8b465ee728b)
Start importing Assets/Flappy Bird Style/Fonts using Guid(00a19653350a27348aa33308a7024a65) Importer(815301076,1909f56bfc062723c751e8b465ee728b)  -> (artifact id: 'eb7f3ff88c3c2eb4621e68bbf702572d') in 0.010284 seconds
  Import took 0.014528 seconds .

========================================================================
Received Import Request.
  Time since last request: 22.033740 seconds.
  path: Assets/Flappy Bird Style/Fonts/LuckiestGuy SDF.asset
  artifactKey: Guid(757dc006be8a30d47a1f501d959760c1) Importer(815301076,1909f56bfc062723c751e8b465ee728b)
Start importing Assets/Flappy Bird Style/Fonts/LuckiestGuy SDF.asset using Guid(757dc006be8a30d47a1f501d959760c1) Importer(815301076,1909f56bfc062723c751e8b465ee728b) Shader 'TextMeshPro/Distance Field': fallback shader 'TextMeshPro/Mobile/Distance Field' not found
 -> (artifact id: 'b80ce1d3b2f89f0a365570910d179e2d') in 0.204754 seconds
  Import took 0.209182 seconds .

========================================================================
Received Import Request.
  Time since last request: 5.656528 seconds.
  path: Assets/TextMesh Pro/Resources/Fonts & Materials/LiberationSans SDF - Drop Shadow.mat
  artifactKey: Guid(e73a58f6e2794ae7b1b7e50b7fb811b0) Importer(815301076,1909f56bfc062723c751e8b465ee728b)
Start importing Assets/TextMesh Pro/Resources/Fonts & Materials/LiberationSans SDF - Drop Shadow.mat using Guid(e73a58f6e2794ae7b1b7e50b7fb811b0) Importer(815301076,1909f56bfc062723c751e8b465ee728b)  -> (artifact id: '9a0ab5af2b9abdf9f47691a8ba502604') in 0.136988 seconds
  Import took 0.141289 seconds .

========================================================================
Received Import Request.
  Time since last request: 0.000587 seconds.
  path: Assets/TextMesh Pro/Resources/Fonts & Materials/LiberationSans SDF - Outline.mat
  artifactKey: Guid(79459efec17a4d00a321bdcc27bbc385) Importer(815301076,1909f56bfc062723c751e8b465ee728b)
Start importing Assets/TextMesh Pro/Resources/Fonts & Materials/LiberationSans SDF - Outline.mat using Guid(79459efec17a4d00a321bdcc27bbc385) Importer(815301076,1909f56bfc062723c751e8b465ee728b)  -> (artifact id: 'e675bfae5604aa0951b53a13f46c61ba') in 0.114660 seconds
  Import took 0.119267 seconds .

========================================================================
Received Import Request.
  Time since last request: 0.000330 seconds.
  path: Assets/TextMesh Pro/Resources/Fonts & Materials/LiberationSans SDF - Fallback.asset
  artifactKey: Guid(2e498d1c8094910479dc3e1b768306a4) Importer(815301076,1909f56bfc062723c751e8b465ee728b)
Start importing Assets/TextMesh Pro/Resources/Fonts & Materials/LiberationSans SDF - Fallback.asset using Guid(2e498d1c8094910479dc3e1b768306a4) Importer(815301076,1909f56bfc062723c751e8b465ee728b)  -> (artifact id: 'ea7143196b6b11cdecd063299ce8deb4') in 0.098285 seconds
  Import took 0.102270 seconds .

========================================================================
Received Import Request.
  Time since last request: 0.000321 seconds.
  path: Assets/TextMesh Pro/Resources/Fonts & Materials/LiberationSans SDF - Drop Shadow.mat
  artifactKey: Guid(e73a58f6e2794ae7b1b7e50b7fb811b0) Importer(815301076,1909f56bfc062723c751e8b465ee728b)
Start importing Assets/TextMesh Pro/Resources/Fonts & Materials/LiberationSans SDF - Drop Shadow.mat using Guid(e73a58f6e2794ae7b1b7e50b7fb811b0) Importer(815301076,1909f56bfc062723c751e8b465ee728b)  -> (artifact id: '9a0ab5af2b9abdf9f47691a8ba502604') in 0.037503 seconds
  Import took 0.042175 seconds .

========================================================================
Received Import Request.
  Time since last request: 0.000337 seconds.
  path: Assets/TextMesh Pro/Resources/Fonts & Materials/LiberationSans SDF - Fallback.asset
  artifactKey: Guid(2e498d1c8094910479dc3e1b768306a4) Importer(815301076,1909f56bfc062723c751e8b465ee728b)
Start importing Assets/TextMesh Pro/Resources/Fonts & Materials/LiberationSans SDF - Fallback.asset using Guid(2e498d1c8094910479dc3e1b768306a4) Importer(815301076,1909f56bfc062723c751e8b465ee728b)  -> (artifact id: 'ea7143196b6b11cdecd063299ce8deb4') in 0.021456 seconds
  Import took 0.025583 seconds .

========================================================================
Received Import Request.
  Time since last request: 0.000318 seconds.
  path: Assets/TextMesh Pro/Resources/Fonts & Materials/LiberationSans SDF.asset
  artifactKey: Guid(8f586378b4e144a9851e7b34d9b748ee) Importer(815301076,1909f56bfc062723c751e8b465ee728b)
Start importing Assets/TextMesh Pro/Resources/Fonts & Materials/LiberationSans SDF.asset using Guid(8f586378b4e144a9851e7b34d9b748ee) Importer(815301076,1909f56bfc062723c751e8b465ee728b)  -> (artifact id: 'c6b7b9edcfa4162560a8dc9c02af646e') in 0.066551 seconds
  Import took 0.071092 seconds .

========================================================================
Received Import Request.
  Time since last request: 0.006305 seconds.
  path: Assets/TextMesh Pro/Resources/Fonts & Materials/LiberationSans SDF.asset
  artifactKey: Guid(8f586378b4e144a9851e7b34d9b748ee) Importer(815301076,1909f56bfc062723c751e8b465ee728b)
Start importing Assets/TextMesh Pro/Resources/Fonts & Materials/LiberationSans SDF.asset using Guid(8f586378b4e144a9851e7b34d9b748ee) Importer(815301076,1909f56bfc062723c751e8b465ee728b)  -> (artifact id: 'c6b7b9edcfa4162560a8dc9c02af646e') in 0.049286 seconds
  Import took 0.054117 seconds .

========================================================================
Received Prepare
Registering precompiled user dll's ...
Registered in 0.002263 seconds.
Begin MonoManager ReloadAssembly
Native extension for WindowsStandalone target not found
Refreshing native plugins compatible for Editor in 0.50 ms, found 1 plugins.
Preloading 0 native plugins for Editor in 0.00 ms.
Invoked RoslynAnalysisRunner static constructor.
RoslynAnalysisRunner will not be running.
RoslynAnalysisRunner has terminated.
Mono: successfully reloaded assembly
- Completed reload, in  1.464 seconds
Platform modules already initialized, skipping
Refreshing native plugins compatible for Editor in 0.55 ms, found 1 plugins.
Preloading 0 native plugins for Editor in 0.00 ms.
Unloading 1804 Unused Serialized files (Serialized files now loaded: 0)
System memory in use before: 90.8 MB.
System memory in use after: 90.3 MB.

Unloading 23 unused Assets to reduce memory usage. Loaded Objects now: 2402.
Total: 2.558800 ms (FindLiveObjects: 0.229400 ms CreateObjectMapping: 0.066500 ms MarkObjects: 1.901100 ms  DeleteObjects: 0.360400 ms)

========================================================================
Received Prepare
Registering precompiled user dll's ...
Registered in 0.003363 seconds.
Begin MonoManager ReloadAssembly
Native extension for WindowsStandalone target not found
Refreshing native plugins compatible for Editor in 0.49 ms, found 1 plugins.
Preloading 0 native plugins for Editor in 0.00 ms.
Invoked RoslynAnalysisRunner static constructor.
RoslynAnalysisRunner will not be running.
RoslynAnalysisRunner has terminated.
Mono: successfully reloaded assembly
- Completed reload, in  1.509 seconds
Platform modules already initialized, skipping
Refreshing native plugins compatible for Editor in 0.45 ms, found 1 plugins.
Preloading 0 native plugins for Editor in 0.00 ms.
Unloading 1802 Unused Serialized files (Serialized files now loaded: 0)
System memory in use before: 90.8 MB.
System memory in use after: 90.3 MB.

Unloading 23 unused Assets to reduce memory usage. Loaded Objects now: 2405.
Total: 2.727400 ms (FindLiveObjects: 0.315000 ms CreateObjectMapping: 0.066400 ms MarkObjects: 1.964200 ms  DeleteObjects: 0.380400 ms)

========================================================================
Received Prepare
Registering precompiled user dll's ...
Registered in 0.002118 seconds.
Begin MonoManager ReloadAssembly
Native extension for WindowsStandalone target not found
Refreshing native plugins compatible for Editor in 0.77 ms, found 1 plugins.
Preloading 0 native plugins for Editor in 0.00 ms.
Invoked RoslynAnalysisRunner static constructor.
RoslynAnalysisRunner will not be running.
RoslynAnalysisRunner has terminated.
Mono: successfully reloaded assembly
- Completed reload, in  1.676 seconds
Platform modules already initialized, skipping
Refreshing native plugins compatible for Editor in 0.46 ms, found 1 plugins.
Preloading 0 native plugins for Editor in 0.00 ms.
Unloading 1802 Unused Serialized files (Serialized files now loaded: 0)
System memory in use before: 90.8 MB.
System memory in use after: 90.4 MB.

Unloading 23 unused Assets to reduce memory usage. Loaded Objects now: 2408.
Total: 2.982300 ms (FindLiveObjects: 0.490100 ms CreateObjectMapping: 0.077700 ms MarkObjects: 1.964000 ms  DeleteObjects: 0.448900 ms)

========================================================================
Received Prepare
Registering precompiled user dll's ...
Registered in 0.002158 seconds.
Begin MonoManager ReloadAssembly
Native extension for WindowsStandalone target not found
Refreshing native plugins compatible for Editor in 0.48 ms, found 1 plugins.
Preloading 0 native plugins for Editor in 0.00 ms.
Invoked RoslynAnalysisRunner static constructor.
RoslynAnalysisRunner will not be running.
RoslynAnalysisRunner has terminated.
Mono: successfully reloaded assembly
- Completed reload, in  1.435 seconds
Platform modules already initialized, skipping
Refreshing native plugins compatible for Editor in 0.46 ms, found 1 plugins.
Preloading 0 native plugins for Editor in 0.00 ms.
Unloading 1802 Unused Serialized files (Serialized files now loaded: 0)
System memory in use before: 90.9 MB.
System memory in use after: 90.4 MB.

Unloading 23 unused Assets to reduce memory usage. Loaded Objects now: 2411.
Total: 2.613700 ms (FindLiveObjects: 0.247900 ms CreateObjectMapping: 0.065700 ms MarkObjects: 1.927100 ms  DeleteObjects: 0.371600 ms)

========================================================================
Received Prepare
Registering precompiled user dll's ...
Registered in 0.002077 seconds.
Begin MonoManager ReloadAssembly
Native extension for WindowsStandalone target not found
Refreshing native plugins compatible for Editor in 0.44 ms, found 1 plugins.
Preloading 0 native plugins for Editor in 0.00 ms.
Invoked RoslynAnalysisRunner static constructor.
RoslynAnalysisRunner will not be running.
RoslynAnalysisRunner has terminated.
Mono: successfully reloaded assembly
- Completed reload, in  1.576 seconds
Platform modules already initialized, skipping
Refreshing native plugins compatible for Editor in 0.47 ms, found 1 plugins.
Preloading 0 native plugins for Editor in 0.00 ms.
Unloading 1802 Unused Serialized files (Serialized files now loaded: 0)
System memory in use before: 91.0 MB.
System memory in use after: 90.5 MB.

Unloading 23 unused Assets to reduce memory usage. Loaded Objects now: 2414.
Total: 4.271100 ms (FindLiveObjects: 0.387400 ms CreateObjectMapping: 0.100700 ms MarkObjects: 3.071500 ms  DeleteObjects: 0.707500 ms)

========================================================================
Received Prepare
Registering precompiled user dll's ...
Registered in 0.002942 seconds.
Begin MonoManager ReloadAssembly
Native extension for WindowsStandalone target not found
Refreshing native plugins compatible for Editor in 0.44 ms, found 1 plugins.
Preloading 0 native plugins for Editor in 0.00 ms.
Invoked RoslynAnalysisRunner static constructor.
RoslynAnalysisRunner will not be running.
RoslynAnalysisRunner has terminated.
Mono: successfully reloaded assembly
- Completed reload, in  1.520 seconds
Platform modules already initialized, skipping
Refreshing native plugins compatible for Editor in 0.46 ms, found 1 plugins.
Preloading 0 native plugins for Editor in 0.00 ms.
Unloading 1802 Unused Serialized files (Serialized files now loaded: 0)
System memory in use before: 91.1 MB.
System memory in use after: 90.6 MB.

Unloading 23 unused Assets to reduce memory usage. Loaded Objects now: 2417.
Total: 2.870300 ms (FindLiveObjects: 0.383100 ms CreateObjectMapping: 0.103100 ms MarkObjects: 1.963400 ms  DeleteObjects: 0.418900 ms)

========================================================================
Received Prepare
Registering precompiled user dll's ...
Registered in 0.002089 seconds.
Begin MonoManager ReloadAssembly
Native extension for WindowsStandalone target not found
Refreshing native plugins compatible for Editor in 0.48 ms, found 1 plugins.
Preloading 0 native plugins for Editor in 0.00 ms.
Invoked RoslynAnalysisRunner static constructor.
RoslynAnalysisRunner will not be running.
RoslynAnalysisRunner has terminated.
Mono: successfully reloaded assembly
- Completed reload, in  1.427 seconds
Platform modules already initialized, skipping
Refreshing native plugins compatible for Editor in 0.44 ms, found 1 plugins.
Preloading 0 native plugins for Editor in 0.00 ms.
Unloading 1802 Unused Serialized files (Serialized files now loaded: 0)
System memory in use before: 91.2 MB.
System memory in use after: 90.7 MB.

Unloading 23 unused Assets to reduce memory usage. Loaded Objects now: 2420.
Total: 2.595000 ms (FindLiveObjects: 0.280000 ms CreateObjectMapping: 0.064400 ms MarkObjects: 1.871300 ms  DeleteObjects: 0.377900 ms)

========================================================================
Received Prepare
Registering precompiled user dll's ...
Registered in 0.001989 seconds.
Begin MonoManager ReloadAssembly
Native extension for WindowsStandalone target not found
Refreshing native plugins compatible for Editor in 0.46 ms, found 1 plugins.
Preloading 0 native plugins for Editor in 0.00 ms.
Invoked RoslynAnalysisRunner static constructor.
RoslynAnalysisRunner will not be running.
RoslynAnalysisRunner has terminated.
Mono: successfully reloaded assembly
- Completed reload, in  1.514 seconds
Platform modules already initialized, skipping
Refreshing native plugins compatible for Editor in 0.46 ms, found 1 plugins.
Preloading 0 native plugins for Editor in 0.00 ms.
Unloading 1802 Unused Serialized files (Serialized files now loaded: 0)
System memory in use before: 91.3 MB.
System memory in use after: 90.8 MB.

Unloading 23 unused Assets to reduce memory usage. Loaded Objects now: 2423.
Total: 2.672500 ms (FindLiveObjects: 0.309000 ms CreateObjectMapping: 0.065000 ms MarkObjects: 1.891900 ms  DeleteObjects: 0.404300 ms)

========================================================================
Received Prepare
Registering precompiled user dll's ...
Registered in 0.002153 seconds.
Begin MonoManager ReloadAssembly
Native extension for WindowsStandalone target not found
Refreshing native plugins compatible for Editor in 0.46 ms, found 1 plugins.
Preloading 0 native plugins for Editor in 0.00 ms.
Invoked RoslynAnalysisRunner static constructor.
RoslynAnalysisRunner will not be running.
RoslynAnalysisRunner has terminated.
Mono: successfully reloaded assembly
- Completed reload, in  1.539 seconds
Platform modules already initialized, skipping
Refreshing native plugins compatible for Editor in 0.44 ms, found 1 plugins.
Preloading 0 native plugins for Editor in 0.00 ms.
Unloading 1802 Unused Serialized files (Serialized files now loaded: 0)
System memory in use before: 91.4 MB.
System memory in use after: 90.9 MB.

Unloading 23 unused Assets to reduce memory usage. Loaded Objects now: 2426.
Total: 2.776400 ms (FindLiveObjects: 0.279300 ms CreateObjectMapping: 0.064400 ms MarkObjects: 2.023300 ms  DeleteObjects: 0.407500 ms)

========================================================================
Received Prepare
Registering precompiled user dll's ...
Registered in 0.002123 seconds.
Begin MonoManager ReloadAssembly
Native extension for WindowsStandalone target not found
Refreshing native plugins compatible for Editor in 0.45 ms, found 1 plugins.
Preloading 0 native plugins for Editor in 0.00 ms.
Invoked RoslynAnalysisRunner static constructor.
RoslynAnalysisRunner will not be running.
RoslynAnalysisRunner has terminated.
Mono: successfully reloaded assembly
- Completed reload, in  1.581 seconds
Platform modules already initialized, skipping
Refreshing native plugins compatible for Editor in 0.51 ms, found 1 plugins.
Preloading 0 native plugins for Editor in 0.00 ms.
Unloading 1802 Unused Serialized files (Serialized files now loaded: 0)
System memory in use before: 91.4 MB.
System memory in use after: 90.9 MB.

Unloading 23 unused Assets to reduce memory usage. Loaded Objects now: 2429.
Total: 3.309800 ms (FindLiveObjects: 0.220600 ms CreateObjectMapping: 0.065600 ms MarkObjects: 2.604900 ms  DeleteObjects: 0.416700 ms)

AssetImportWorkerClient::OnTransportError - code=2 error=End of file
